<?xml version="1.0" encoding="UTF-8"?>
<coverage generated="1757701383213" clover="3.2.0">
  <project timestamp="1757701383213" name="All files">
    <metrics statements="8" coveredstatements="8" conditionals="0" coveredconditionals="0" methods="4" coveredmethods="4" elements="12" coveredelements="12" complexity="0" loc="8" ncloc="8" packages="1" files="1" classes="1"/>
    <file name="LoginForm.js" path="C:\Learning Testing\LoginForm\LoginForm.js">
      <metrics statements="8" coveredstatements="8" conditionals="0" coveredconditionals="0" methods="4" coveredmethods="4"/>
      <line num="5" count="13" type="stmt"/>
      <line num="6" count="13" type="stmt"/>
      <line num="8" count="13" type="stmt"/>
      <line num="9" count="2" type="stmt"/>
      <line num="10" count="2" type="stmt"/>
      <line num="13" count="13" type="stmt"/>
      <line num="20" count="6" type="stmt"/>
      <line num="29" count="5" type="stmt"/>
    </file>
  </project>
</coverage>
