{"C:\\Learning Testing\\LoginForm\\LoginForm.js": {"path":"C:\\Learning Testing\\LoginForm\\LoginForm.js","statementMap":{"0":{"start":{"line":5,"column":36},"end":{"line":5,"column":48}},"1":{"start":{"line":6,"column":36},"end":{"line":6,"column":48}},"2":{"start":{"line":8,"column":25},"end":{"line":11,"column":5}},"3":{"start":{"line":9,"column":8},"end":{"line":9,"column":27}},"4":{"start":{"line":10,"column":8},"end":{"line":10,"column":38}},"5":{"start":{"line":13,"column":4},"end":{"line":34,"column":6}},"6":{"start":{"line":20,"column":37},"end":{"line":20,"column":64}},"7":{"start":{"line":29,"column":36},"end":{"line":29,"column":63}}},"fnMap":{"0":{"name":"Loginform","decl":{"start":{"line":4,"column":9},"end":{"line":4,"column":18}},"loc":{"start":{"line":4,"column":31},"end":{"line":37,"column":1}},"line":4},"1":{"name":"(anonymous_1)","decl":{"start":{"line":8,"column":25},"end":{"line":8,"column":26}},"loc":{"start":{"line":8,"column":32},"end":{"line":11,"column":5}},"line":8},"2":{"name":"(anonymous_2)","decl":{"start":{"line":20,"column":30},"end":{"line":20,"column":31}},"loc":{"start":{"line":20,"column":37},"end":{"line":20,"column":64}},"line":20},"3":{"name":"(anonymous_3)","decl":{"start":{"line":29,"column":30},"end":{"line":29,"column":31}},"loc":{"start":{"line":29,"column":36},"end":{"line":29,"column":63}},"line":29}},"branchMap":{},"s":{"0":13,"1":13,"2":13,"3":2,"4":2,"5":13,"6":6,"7":5},"f":{"0":13,"1":2,"2":6,"3":5},"b":{},"_coverageSchema":"1a1c01bbd47fc00a2c39e90264f33305004495a9","hash":"676facb1ea332911289793d891e473a1969f11bc"}
}
